<?xml version="1.0" encoding="UTF-8"?>
<!-- Generated by org.testng.reporters.JUnitXMLReporter -->
<testsuite ignored="0" hostname="Harshits-MacBook-Pro.local" failures="0" tests="4" name="imdb Test Cases" time="51.178" errors="0" timestamp="28 May 2020 21:43:38 GMT">
  <testcase classname="com.imdb.web.IMDBTop250Test" name="verifySortingByRanking" time="16.274"/>
  <testcase classname="com.imdb.web.IMDBTop250Test" name="verifySortingByRating" time="11.723"/>
  <testcase classname="com.imdb.web.IMDBTop250Test" name="verifySortingByRatingIsNotEqualToReleaseDate" time="11.041"/>
  <testcase classname="com.imdb.web.IMDBTop250Test" name="verifySortingByReleaseDate" time="11.964"/>
</testsuite> <!-- imdb Test Cases -->
