<?xml version="1.0" encoding="UTF-8"?>
<!-- Generated by org.testng.reporters.JUnitXMLReporter -->
<testsuite ignored="0" hostname="Harshits-MacBook-Pro.local" failures="0" tests="4" name="Default test" time="50.358" errors="0" timestamp="28 May 2020 21:40:15 GMT">
  <testcase classname="com.imdb.web.IMDBTop250Test" name="verifySortingByRanking" time="15.184"/>
  <testcase classname="com.imdb.web.IMDBTop250Test" name="verifySortingByRating" time="11.708"/>
  <testcase classname="com.imdb.web.IMDBTop250Test" name="verifySortingByRatingIsNotEqualToReleaseDate" time="11.52"/>
  <testcase classname="com.imdb.web.IMDBTop250Test" name="verifySortingByReleaseDate" time="11.728"/>
</testsuite> <!-- Default test -->
