<?xml version="1.0" encoding="UTF-8"?>
<!-- Generated by org.testng.reporters.JUnitXMLReporter -->
<testsuite ignored="0" hostname="Harshits-MacBook-Pro.local" failures="0" tests="4" name="imdb Test Cases" time="36.753" errors="0" timestamp="28 May 2020 21:49:33 GMT">
  <testcase classname="com.imdb.web.IMDBTop250Test" name="verifySortingByRanking" time="11.677"/>
  <testcase classname="com.imdb.web.IMDBTop250Test" name="verifySortingByRating" time="10.15"/>
  <testcase classname="com.imdb.web.IMDBTop250Test" name="verifySortingByRatingIsNotEqualToReleaseDate" time="9.636"/>
  <testcase classname="com.imdb.web.IMDBTop250Test" name="verifySortingByReleaseDate" time="5.161"/>
</testsuite> <!-- imdb Test Cases -->
