<?xml version="1.0" encoding="UTF-8"?>
<testng-results ignored="0" total="4" passed="4" failed="0" skipped="0">
  <reporter-output>
  </reporter-output>
  <suite started-at="2020-05-28T21:48:51Z" name="IMDB Automation Test Suite" finished-at="2020-05-28T21:49:27Z" duration-ms="36753">
    <groups>
    </groups>
    <test started-at="2020-05-28T21:48:51Z" name="imdb Test Cases" finished-at="2020-05-28T21:49:27Z" duration-ms="36753">
      <class name="com.imdb.web.IMDBTop250Test">
        <test-method is-config="true" signature="setUp()[pri:0, instance:com.imdb.web.IMDBTop250Test@3cc1435c]" started-at="2020-05-29T03:18:45Z" name="setUp" finished-at="2020-05-29T03:18:51Z" duration-ms="6036" status="PASS">
          <reporter-output>
          </reporter-output>
        </test-method> <!-- setUp -->
        <test-method signature="verifySortingByRanking()[pri:0, instance:com.imdb.web.IMDBTop250Test@3cc1435c]" started-at="2020-05-29T03:18:51Z" name="verifySortingByRanking" finished-at="2020-05-29T03:19:02Z" duration-ms="11677" status="PASS">
          <reporter-output>
          </reporter-output>
        </test-method> <!-- verifySortingByRanking -->
        <test-method signature="verifySortingByRating()[pri:0, instance:com.imdb.web.IMDBTop250Test@3cc1435c]" started-at="2020-05-29T03:19:02Z" name="verifySortingByRating" finished-at="2020-05-29T03:19:13Z" duration-ms="10150" status="PASS">
          <reporter-output>
          </reporter-output>
        </test-method> <!-- verifySortingByRating -->
        <test-method signature="verifySortingByRatingIsNotEqualToReleaseDate()[pri:0, instance:com.imdb.web.IMDBTop250Test@3cc1435c]" started-at="2020-05-29T03:19:13Z" name="verifySortingByRatingIsNotEqualToReleaseDate" finished-at="2020-05-29T03:19:22Z" duration-ms="9636" status="PASS">
          <reporter-output>
          </reporter-output>
        </test-method> <!-- verifySortingByRatingIsNotEqualToReleaseDate -->
        <test-method signature="verifySortingByReleaseDate()[pri:0, instance:com.imdb.web.IMDBTop250Test@3cc1435c]" started-at="2020-05-29T03:19:22Z" name="verifySortingByReleaseDate" finished-at="2020-05-29T03:19:27Z" duration-ms="5161" status="PASS">
          <reporter-output>
          </reporter-output>
        </test-method> <!-- verifySortingByReleaseDate -->
        <test-method is-config="true" signature="tearDown()[pri:0, instance:com.imdb.web.IMDBTop250Test@3cc1435c]" started-at="2020-05-29T03:19:33Z" name="tearDown" finished-at="2020-05-29T03:19:33Z" duration-ms="407" status="PASS">
          <reporter-output>
          </reporter-output>
        </test-method> <!-- tearDown -->
      </class> <!-- com.imdb.web.IMDBTop250Test -->
    </test> <!-- imdb Test Cases -->
  </suite> <!-- IMDB Automation Test Suite -->
</testng-results>
